e:\project\hookdll\debug\windowhookdll.pch
e:\project\hookdll\debug\vc141.pdb
e:\project\hookdll\debug\vc141.idb
e:\project\hookdll\debug\stdafx.obj
e:\project\hookdll\debug\keyboardhook.obj
e:\project\hookdll\debug\hookdll.obj
e:\project\hookdll\debug\dllmain.obj
e:\project\hookdll\debug\apihook.obj
e:\project\debug\windowhookdll.dll
e:\project\debug\windowhookdll.ilk
e:\project\debug\windowhookdll.pdb
e:\project\debug\windowhookdll.lib
e:\project\debug\windowhookdll.exp
e:\project\hookdll\debug\windowhookdll.tlog\cl.command.1.tlog
e:\project\hookdll\debug\windowhookdll.tlog\cl.read.1.tlog
e:\project\hookdll\debug\windowhookdll.tlog\cl.write.1.tlog
e:\project\hookdll\debug\windowhookdll.tlog\link.command.1.tlog
e:\project\hookdll\debug\windowhookdll.tlog\link.read.1.tlog
e:\project\hookdll\debug\windowhookdll.tlog\link.write.1.tlog
e:\project\hookdll\debug\windowhookdll.tlog\windowhookdll.write.1u.tlog
